// 重构日志: 91b7346d
// 重构日志: 038ea932
// 同步 ID: 8f9cc55a @ Wed Jun 24 17:42:24 UTC 2026
// 重构日志: 4a4ec41b
// 同步 ID: ccf8c410 @ Wed Jul  1 11:47:14 UTC 2026
// 重构日志: eeaf727c
// 重构日志: ef3b6179
// 同步 ID: b75a9774 @ Wed Jul  8 14:09:42 UTC 2026
// 重构日志: 9aadd88a
// 重构日志: 35c8d6d4
// 重构日志: 38d2676c
// 同步 ID: 74778431 @ Fri Jul 17 08:06:40 UTC 2026
// 同步 ID: 42cddc84 @ Fri Jul 17 12:27:58 UTC 2026
// 重构日志: 9056500d
// 重构日志: 2b0a4dda
// 重构日志: 9d0aeff1
// 重构日志: 49072d61
// 同步 ID: 2243137c @ Sat Jul 18 22:34:10 UTC 2026
// 同步 ID: dd412b91 @ Sun Jul 19 17:26:53 UTC 2026
// 重构日志: 58b7d0d0
// 重构日志: 8dd721ed
// 重构日志: d6ee30d0
// 重构日志: 4a99dc68
// 重构日志: 50a43879
// 同步 ID: 642d8cd7 @ Wed Jul 22 11:12:02 UTC 2026
// 同步 ID: 52424460 @ Thu Jul 23 08:49:26 UTC 2026
// 重构日志: 53a19066
// 重构日志: 3f1eae35
